Traceback (most recent call last):
  File "/home/tbsexton/.pyenv/versions/3.10.9/envs/text-data/lib/python3.10/site-packages/jupyter_cache/executors/utils.py", line 58, in single_nb_execution
    executenb(
  File "/home/tbsexton/.pyenv/versions/3.10.9/envs/text-data/lib/python3.10/site-packages/nbclient/client.py", line 1305, in execute
    return NotebookClient(nb=nb, resources=resources, km=km, **kwargs).execute()
  File "/home/tbsexton/.pyenv/versions/3.10.9/envs/text-data/lib/python3.10/site-packages/jupyter_core/utils/__init__.py", line 166, in wrapped
    return loop.run_until_complete(inner)
  File "/home/tbsexton/.pyenv/versions/3.10.9/lib/python3.10/asyncio/base_events.py", line 649, in run_until_complete
    return future.result()
  File "/home/tbsexton/.pyenv/versions/3.10.9/envs/text-data/lib/python3.10/site-packages/nbclient/client.py", line 705, in async_execute
    await self.async_execute_cell(
  File "/home/tbsexton/.pyenv/versions/3.10.9/envs/text-data/lib/python3.10/site-packages/nbclient/client.py", line 1058, in async_execute_cell
    await self._check_raise_for_error(cell, cell_index, exec_reply)
  File "/home/tbsexton/.pyenv/versions/3.10.9/envs/text-data/lib/python3.10/site-packages/nbclient/client.py", line 914, in _check_raise_for_error
    raise CellExecutionError.from_cell_and_msg(cell, exec_reply_content)
nbclient.exceptions.CellExecutionError: An error occurred while executing the following cell:
------------------
# from syntok.tokenizer import Tokenizer

# tok = Tokenizer()  # optional: keep "n't" contractions and "-", "_" inside words as tokens
# text.apply(list..(tok.tokenize))

import re
tokenize = re.compile(
    r'(?:\#[\w\d]+\b)'
    r'|(?:\b\w[\/\&]\w)\b'
    r'|(?:\b\w[\w\'\d]+)\b'
    r'|(?:\{\w\})'  # mana
    r'|(?:[+-]\d\d?(?:/[+-]\d\d?)?)'  # tokens
)

text.str.findall(tokenize).explode().unique()[:100]
------------------


[0;31m---------------------------------------------------------------------------[0m
[0;31mNameError[0m                                 Traceback (most recent call last)
Cell [0;32mIn[5], line 15[0m
[1;32m      6[0m [38;5;28;01mimport[39;00m [38;5;21;01mre[39;00m
[1;32m      7[0m tokenize [38;5;241m=[39m re[38;5;241m.[39mcompile(
[1;32m      8[0m     [38;5;124mr[39m[38;5;124m'[39m[38;5;124m(?:[39m[38;5;124m\[39m[38;5;124m#[[39m[38;5;124m\[39m[38;5;124mw[39m[38;5;124m\[39m[38;5;124md]+[39m[38;5;124m\[39m[38;5;124mb)[39m[38;5;124m'[39m
[1;32m      9[0m     [38;5;124mr[39m[38;5;124m'[39m[38;5;124m|(?:[39m[38;5;124m\[39m[38;5;124mb[39m[38;5;124m\[39m[38;5;124mw[[39m[38;5;124m\[39m[38;5;124m/[39m[38;5;124m\[39m[38;5;124m&][39m[38;5;124m\[39m[38;5;124mw)[39m[38;5;124m\[39m[38;5;124mb[39m[38;5;124m'[39m
[0;32m   (...)[0m
[1;32m     12[0m     [38;5;124mr[39m[38;5;124m'[39m[38;5;124m|(?:[+-][39m[38;5;124m\[39m[38;5;124md[39m[38;5;124m\[39m[38;5;124md?(?:/[+-][39m[38;5;124m\[39m[38;5;124md[39m[38;5;124m\[39m[38;5;124md?)?)[39m[38;5;124m'[39m  [38;5;66;03m# tokens[39;00m
[1;32m     13[0m )
[0;32m---> 15[0m [43mtext[49m[38;5;241m.[39mstr[38;5;241m.[39mfindall(tokenize)[38;5;241m.[39mexplode()[38;5;241m.[39munique()[:[38;5;241m100[39m]

[0;31mNameError[0m: name 'text' is not defined

